<?xml version="1.0" encoding="UTF-8"?>
<testsuite name="com.teamtreehouse.techdegree.overboard.model.UserTest" tests="1" skipped="0" failures="0" errors="0" timestamp="2024-11-21T20:21:57" hostname="macos-JGJ2GD9G4W" time="0.002">
  <properties/>
  <testcase name="increasingQuestionerReputation" classname="com.teamtreehouse.techdegree.overboard.model.UserTest" time="0.002"/>
  <system-out><![CDATA[]]></system-out>
  <system-err><![CDATA[]]></system-err>
</testsuite>
